{"/workspace/app/controllers/customer.controller.js": {"path":"/workspace/app/controllers/customer.controller.js","statementMap":{"0":{"start":{"line":1,"column":17},"end":{"line":1,"column":55}},"1":{"start":{"line":4,"column":0},"end":{"line":28,"column":2}},"2":{"start":{"line":6,"column":2},"end":{"line":10,"column":3}},"3":{"start":{"line":7,"column":4},"end":{"line":9,"column":7}},"4":{"start":{"line":13,"column":19},"end":{"line":17,"column":4}},"5":{"start":{"line":20,"column":2},"end":{"line":27,"column":5}},"6":{"start":{"line":21,"column":4},"end":{"line":26,"column":24}},"7":{"start":{"line":22,"column":6},"end":{"line":25,"column":9}},"8":{"start":{"line":26,"column":9},"end":{"line":26,"column":24}},"9":{"start":{"line":31,"column":0},"end":{"line":40,"column":2}},"10":{"start":{"line":32,"column":2},"end":{"line":39,"column":5}},"11":{"start":{"line":33,"column":4},"end":{"line":38,"column":24}},"12":{"start":{"line":34,"column":6},"end":{"line":37,"column":9}},"13":{"start":{"line":38,"column":9},"end":{"line":38,"column":24}},"14":{"start":{"line":43,"column":0},"end":{"line":57,"column":2}},"15":{"start":{"line":44,"column":2},"end":{"line":56,"column":5}},"16":{"start":{"line":45,"column":4},"end":{"line":55,"column":26}},"17":{"start":{"line":46,"column":6},"end":{"line":54,"column":7}},"18":{"start":{"line":47,"column":8},"end":{"line":49,"column":11}},"19":{"start":{"line":51,"column":8},"end":{"line":53,"column":11}},"20":{"start":{"line":55,"column":11},"end":{"line":55,"column":26}},"21":{"start":{"line":60,"column":0},"end":{"line":87,"column":2}},"22":{"start":{"line":62,"column":2},"end":{"line":66,"column":3}},"23":{"start":{"line":63,"column":4},"end":{"line":65,"column":7}},"24":{"start":{"line":68,"column":2},"end":{"line":68,"column":24}},"25":{"start":{"line":70,"column":2},"end":{"line":86,"column":4}},"26":{"start":{"line":74,"column":6},"end":{"line":84,"column":28}},"27":{"start":{"line":75,"column":8},"end":{"line":83,"column":9}},"28":{"start":{"line":76,"column":10},"end":{"line":78,"column":13}},"29":{"start":{"line":80,"column":10},"end":{"line":82,"column":13}},"30":{"start":{"line":84,"column":13},"end":{"line":84,"column":28}},"31":{"start":{"line":90,"column":0},"end":{"line":104,"column":2}},"32":{"start":{"line":91,"column":2},"end":{"line":103,"column":5}},"33":{"start":{"line":92,"column":4},"end":{"line":102,"column":71}},"34":{"start":{"line":93,"column":6},"end":{"line":101,"column":7}},"35":{"start":{"line":94,"column":8},"end":{"line":96,"column":11}},"36":{"start":{"line":98,"column":8},"end":{"line":100,"column":11}},"37":{"start":{"line":102,"column":11},"end":{"line":102,"column":71}},"38":{"start":{"line":107,"column":0},"end":{"line":116,"column":2}},"39":{"start":{"line":108,"column":2},"end":{"line":115,"column":5}},"40":{"start":{"line":109,"column":4},"end":{"line":114,"column":75}},"41":{"start":{"line":110,"column":6},"end":{"line":113,"column":9}},"42":{"start":{"line":114,"column":9},"end":{"line":114,"column":75}}},"fnMap":{"0":{"name":"(anonymous_0)","decl":{"start":{"line":4,"column":17},"end":{"line":4,"column":18}},"loc":{"start":{"line":4,"column":31},"end":{"line":28,"column":1}},"line":4},"1":{"name":"(anonymous_1)","decl":{"start":{"line":20,"column":28},"end":{"line":20,"column":29}},"loc":{"start":{"line":20,"column":43},"end":{"line":27,"column":3}},"line":20},"2":{"name":"(anonymous_2)","decl":{"start":{"line":31,"column":18},"end":{"line":31,"column":19}},"loc":{"start":{"line":31,"column":32},"end":{"line":40,"column":1}},"line":31},"3":{"name":"(anonymous_3)","decl":{"start":{"line":32,"column":18},"end":{"line":32,"column":19}},"loc":{"start":{"line":32,"column":33},"end":{"line":39,"column":3}},"line":32},"4":{"name":"(anonymous_4)","decl":{"start":{"line":43,"column":18},"end":{"line":43,"column":19}},"loc":{"start":{"line":43,"column":32},"end":{"line":57,"column":1}},"line":43},"5":{"name":"(anonymous_5)","decl":{"start":{"line":44,"column":43},"end":{"line":44,"column":44}},"loc":{"start":{"line":44,"column":58},"end":{"line":56,"column":3}},"line":44},"6":{"name":"(anonymous_6)","decl":{"start":{"line":60,"column":17},"end":{"line":60,"column":18}},"loc":{"start":{"line":60,"column":31},"end":{"line":87,"column":1}},"line":60},"7":{"name":"(anonymous_7)","decl":{"start":{"line":73,"column":4},"end":{"line":73,"column":5}},"loc":{"start":{"line":73,"column":19},"end":{"line":85,"column":5}},"line":73},"8":{"name":"(anonymous_8)","decl":{"start":{"line":90,"column":17},"end":{"line":90,"column":18}},"loc":{"start":{"line":90,"column":31},"end":{"line":104,"column":1}},"line":90},"9":{"name":"(anonymous_9)","decl":{"start":{"line":91,"column":41},"end":{"line":91,"column":42}},"loc":{"start":{"line":91,"column":56},"end":{"line":103,"column":3}},"line":91},"10":{"name":"(anonymous_10)","decl":{"start":{"line":107,"column":20},"end":{"line":107,"column":21}},"loc":{"start":{"line":107,"column":34},"end":{"line":116,"column":1}},"line":107},"11":{"name":"(anonymous_11)","decl":{"start":{"line":108,"column":21},"end":{"line":108,"column":22}},"loc":{"start":{"line":108,"column":36},"end":{"line":115,"column":3}},"line":108}},"branchMap":{"0":{"loc":{"start":{"line":6,"column":2},"end":{"line":10,"column":3}},"type":"if","locations":[{"start":{"line":6,"column":2},"end":{"line":10,"column":3}},{"start":{},"end":{}}],"line":6},"1":{"loc":{"start":{"line":21,"column":4},"end":{"line":26,"column":24}},"type":"if","locations":[{"start":{"line":21,"column":4},"end":{"line":26,"column":24}},{"start":{"line":26,"column":9},"end":{"line":26,"column":24}}],"line":21},"2":{"loc":{"start":{"line":24,"column":10},"end":{"line":24,"column":75}},"type":"binary-expr","locations":[{"start":{"line":24,"column":10},"end":{"line":24,"column":21}},{"start":{"line":24,"column":25},"end":{"line":24,"column":75}}],"line":24},"3":{"loc":{"start":{"line":33,"column":4},"end":{"line":38,"column":24}},"type":"if","locations":[{"start":{"line":33,"column":4},"end":{"line":38,"column":24}},{"start":{"line":38,"column":9},"end":{"line":38,"column":24}}],"line":33},"4":{"loc":{"start":{"line":36,"column":10},"end":{"line":36,"column":74}},"type":"binary-expr","locations":[{"start":{"line":36,"column":10},"end":{"line":36,"column":21}},{"start":{"line":36,"column":25},"end":{"line":36,"column":74}}],"line":36},"5":{"loc":{"start":{"line":45,"column":4},"end":{"line":55,"column":26}},"type":"if","locations":[{"start":{"line":45,"column":4},"end":{"line":55,"column":26}},{"start":{"line":55,"column":11},"end":{"line":55,"column":26}}],"line":45},"6":{"loc":{"start":{"line":46,"column":6},"end":{"line":54,"column":7}},"type":"if","locations":[{"start":{"line":46,"column":6},"end":{"line":54,"column":7}},{"start":{"line":50,"column":13},"end":{"line":54,"column":7}}],"line":46},"7":{"loc":{"start":{"line":62,"column":2},"end":{"line":66,"column":3}},"type":"if","locations":[{"start":{"line":62,"column":2},"end":{"line":66,"column":3}},{"start":{},"end":{}}],"line":62},"8":{"loc":{"start":{"line":74,"column":6},"end":{"line":84,"column":28}},"type":"if","locations":[{"start":{"line":74,"column":6},"end":{"line":84,"column":28}},{"start":{"line":84,"column":13},"end":{"line":84,"column":28}}],"line":74},"9":{"loc":{"start":{"line":75,"column":8},"end":{"line":83,"column":9}},"type":"if","locations":[{"start":{"line":75,"column":8},"end":{"line":83,"column":9}},{"start":{"line":79,"column":15},"end":{"line":83,"column":9}}],"line":75},"10":{"loc":{"start":{"line":92,"column":4},"end":{"line":102,"column":71}},"type":"if","locations":[{"start":{"line":92,"column":4},"end":{"line":102,"column":71}},{"start":{"line":102,"column":11},"end":{"line":102,"column":71}}],"line":92},"11":{"loc":{"start":{"line":93,"column":6},"end":{"line":101,"column":7}},"type":"if","locations":[{"start":{"line":93,"column":6},"end":{"line":101,"column":7}},{"start":{"line":97,"column":13},"end":{"line":101,"column":7}}],"line":93},"12":{"loc":{"start":{"line":109,"column":4},"end":{"line":114,"column":75}},"type":"if","locations":[{"start":{"line":109,"column":4},"end":{"line":114,"column":75}},{"start":{"line":114,"column":9},"end":{"line":114,"column":75}}],"line":109},"13":{"loc":{"start":{"line":112,"column":10},"end":{"line":112,"column":76}},"type":"binary-expr","locations":[{"start":{"line":112,"column":10},"end":{"line":112,"column":21}},{"start":{"line":112,"column":25},"end":{"line":112,"column":76}}],"line":112}},"s":{"0":1,"1":1,"2":11,"3":2,"4":11,"5":9,"6":9,"7":3,"8":6,"9":1,"10":8,"11":8,"12":3,"13":5,"14":1,"15":9,"16":9,"17":6,"18":4,"19":2,"20":3,"21":1,"22":8,"23":2,"24":8,"25":8,"26":6,"27":2,"28":1,"29":1,"30":4,"31":1,"32":3,"33":3,"34":2,"35":1,"36":1,"37":1,"38":1,"39":4,"40":4,"41":2,"42":2},"f":{"0":11,"1":9,"2":8,"3":8,"4":9,"5":9,"6":8,"7":6,"8":3,"9":3,"10":4,"11":4},"b":{"0":[2,9],"1":[3,6],"2":[3,1],"3":[3,5],"4":[3,1],"5":[6,3],"6":[4,2],"7":[2,6],"8":[2,4],"9":[1,1],"10":[2,1],"11":[1,1],"12":[2,2],"13":[2,1]},"_coverageSchema":"1a1c01bbd47fc00a2c39e90264f33305004495a9","hash":"5328a993707aa65d119be94627807beaa0d0e290"}
,"/workspace/app/models/customer.model.js": {"path":"/workspace/app/models/customer.model.js","statementMap":{"0":{"start":{"line":1,"column":12},"end":{"line":1,"column":30}},"1":{"start":{"line":4,"column":17},"end":{"line":8,"column":1}},"2":{"start":{"line":5,"column":2},"end":{"line":5,"column":30}},"3":{"start":{"line":6,"column":2},"end":{"line":6,"column":28}},"4":{"start":{"line":7,"column":2},"end":{"line":7,"column":32}},"5":{"start":{"line":10,"column":0},"end":{"line":21,"column":2}},"6":{"start":{"line":11,"column":2},"end":{"line":20,"column":5}},"7":{"start":{"line":12,"column":4},"end":{"line":16,"column":5}},"8":{"start":{"line":13,"column":6},"end":{"line":13,"column":34}},"9":{"start":{"line":14,"column":6},"end":{"line":14,"column":24}},"10":{"start":{"line":15,"column":6},"end":{"line":15,"column":13}},"11":{"start":{"line":18,"column":4},"end":{"line":18,"column":76}},"12":{"start":{"line":19,"column":4},"end":{"line":19,"column":55}},"13":{"start":{"line":23,"column":0},"end":{"line":40,"column":2}},"14":{"start":{"line":24,"column":2},"end":{"line":39,"column":5}},"15":{"start":{"line":25,"column":4},"end":{"line":29,"column":5}},"16":{"start":{"line":26,"column":6},"end":{"line":26,"column":34}},"17":{"start":{"line":27,"column":6},"end":{"line":27,"column":24}},"18":{"start":{"line":28,"column":6},"end":{"line":28,"column":13}},"19":{"start":{"line":31,"column":4},"end":{"line":35,"column":5}},"20":{"start":{"line":32,"column":6},"end":{"line":32,"column":46}},"21":{"start":{"line":33,"column":6},"end":{"line":33,"column":27}},"22":{"start":{"line":34,"column":6},"end":{"line":34,"column":13}},"23":{"start":{"line":38,"column":4},"end":{"line":38,"column":40}},"24":{"start":{"line":42,"column":0},"end":{"line":53,"column":2}},"25":{"start":{"line":43,"column":2},"end":{"line":52,"column":5}},"26":{"start":{"line":44,"column":4},"end":{"line":48,"column":5}},"27":{"start":{"line":45,"column":6},"end":{"line":45,"column":34}},"28":{"start":{"line":46,"column":6},"end":{"line":46,"column":24}},"29":{"start":{"line":47,"column":6},"end":{"line":47,"column":13}},"30":{"start":{"line":50,"column":4},"end":{"line":50,"column":36}},"31":{"start":{"line":51,"column":4},"end":{"line":51,"column":22}},"32":{"start":{"line":55,"column":0},"end":{"line":76,"column":2}},"33":{"start":{"line":56,"column":2},"end":{"line":75,"column":4}},"34":{"start":{"line":60,"column":6},"end":{"line":64,"column":7}},"35":{"start":{"line":61,"column":8},"end":{"line":61,"column":36}},"36":{"start":{"line":62,"column":8},"end":{"line":62,"column":26}},"37":{"start":{"line":63,"column":8},"end":{"line":63,"column":15}},"38":{"start":{"line":66,"column":6},"end":{"line":70,"column":7}},"39":{"start":{"line":68,"column":8},"end":{"line":68,"column":44}},"40":{"start":{"line":69,"column":8},"end":{"line":69,"column":15}},"41":{"start":{"line":72,"column":6},"end":{"line":72,"column":65}},"42":{"start":{"line":73,"column":6},"end":{"line":73,"column":44}},"43":{"start":{"line":78,"column":0},"end":{"line":95,"column":2}},"44":{"start":{"line":79,"column":2},"end":{"line":94,"column":5}},"45":{"start":{"line":80,"column":4},"end":{"line":84,"column":5}},"46":{"start":{"line":81,"column":6},"end":{"line":81,"column":34}},"47":{"start":{"line":82,"column":6},"end":{"line":82,"column":24}},"48":{"start":{"line":83,"column":6},"end":{"line":83,"column":13}},"49":{"start":{"line":86,"column":4},"end":{"line":90,"column":5}},"50":{"start":{"line":88,"column":6},"end":{"line":88,"column":42}},"51":{"start":{"line":89,"column":6},"end":{"line":89,"column":13}},"52":{"start":{"line":92,"column":4},"end":{"line":92,"column":50}},"53":{"start":{"line":93,"column":4},"end":{"line":93,"column":22}},"54":{"start":{"line":97,"column":0},"end":{"line":108,"column":2}},"55":{"start":{"line":98,"column":2},"end":{"line":107,"column":5}},"56":{"start":{"line":99,"column":4},"end":{"line":103,"column":5}},"57":{"start":{"line":100,"column":6},"end":{"line":100,"column":34}},"58":{"start":{"line":101,"column":6},"end":{"line":101,"column":24}},"59":{"start":{"line":102,"column":6},"end":{"line":102,"column":13}},"60":{"start":{"line":105,"column":4},"end":{"line":105,"column":57}},"61":{"start":{"line":106,"column":4},"end":{"line":106,"column":22}},"62":{"start":{"line":110,"column":0},"end":{"line":110,"column":26}}},"fnMap":{"0":{"name":"(anonymous_0)","decl":{"start":{"line":4,"column":17},"end":{"line":4,"column":18}},"loc":{"start":{"line":4,"column":36},"end":{"line":8,"column":1}},"line":4},"1":{"name":"(anonymous_1)","decl":{"start":{"line":10,"column":18},"end":{"line":10,"column":19}},"loc":{"start":{"line":10,"column":43},"end":{"line":21,"column":1}},"line":10},"2":{"name":"(anonymous_2)","decl":{"start":{"line":11,"column":56},"end":{"line":11,"column":57}},"loc":{"start":{"line":11,"column":70},"end":{"line":20,"column":3}},"line":11},"3":{"name":"(anonymous_3)","decl":{"start":{"line":23,"column":20},"end":{"line":23,"column":21}},"loc":{"start":{"line":23,"column":44},"end":{"line":40,"column":1}},"line":23},"4":{"name":"(anonymous_4)","decl":{"start":{"line":24,"column":64},"end":{"line":24,"column":65}},"loc":{"start":{"line":24,"column":78},"end":{"line":39,"column":3}},"line":24},"5":{"name":"(anonymous_5)","decl":{"start":{"line":42,"column":18},"end":{"line":42,"column":19}},"loc":{"start":{"line":42,"column":28},"end":{"line":53,"column":1}},"line":42},"6":{"name":"(anonymous_6)","decl":{"start":{"line":43,"column":39},"end":{"line":43,"column":40}},"loc":{"start":{"line":43,"column":53},"end":{"line":52,"column":3}},"line":43},"7":{"name":"(anonymous_7)","decl":{"start":{"line":55,"column":22},"end":{"line":55,"column":23}},"loc":{"start":{"line":55,"column":48},"end":{"line":76,"column":1}},"line":55},"8":{"name":"(anonymous_8)","decl":{"start":{"line":59,"column":4},"end":{"line":59,"column":5}},"loc":{"start":{"line":59,"column":18},"end":{"line":74,"column":5}},"line":59},"9":{"name":"(anonymous_9)","decl":{"start":{"line":78,"column":18},"end":{"line":78,"column":19}},"loc":{"start":{"line":78,"column":34},"end":{"line":95,"column":1}},"line":78},"10":{"name":"(anonymous_10)","decl":{"start":{"line":79,"column":54},"end":{"line":79,"column":55}},"loc":{"start":{"line":79,"column":68},"end":{"line":94,"column":3}},"line":79},"11":{"name":"(anonymous_11)","decl":{"start":{"line":97,"column":21},"end":{"line":97,"column":22}},"loc":{"start":{"line":97,"column":31},"end":{"line":108,"column":1}},"line":97},"12":{"name":"(anonymous_12)","decl":{"start":{"line":98,"column":37},"end":{"line":98,"column":38}},"loc":{"start":{"line":98,"column":51},"end":{"line":107,"column":3}},"line":98}},"branchMap":{"0":{"loc":{"start":{"line":12,"column":4},"end":{"line":16,"column":5}},"type":"if","locations":[{"start":{"line":12,"column":4},"end":{"line":16,"column":5}},{"start":{},"end":{}}],"line":12},"1":{"loc":{"start":{"line":25,"column":4},"end":{"line":29,"column":5}},"type":"if","locations":[{"start":{"line":25,"column":4},"end":{"line":29,"column":5}},{"start":{},"end":{}}],"line":25},"2":{"loc":{"start":{"line":31,"column":4},"end":{"line":35,"column":5}},"type":"if","locations":[{"start":{"line":31,"column":4},"end":{"line":35,"column":5}},{"start":{},"end":{}}],"line":31},"3":{"loc":{"start":{"line":44,"column":4},"end":{"line":48,"column":5}},"type":"if","locations":[{"start":{"line":44,"column":4},"end":{"line":48,"column":5}},{"start":{},"end":{}}],"line":44},"4":{"loc":{"start":{"line":60,"column":6},"end":{"line":64,"column":7}},"type":"if","locations":[{"start":{"line":60,"column":6},"end":{"line":64,"column":7}},{"start":{},"end":{}}],"line":60},"5":{"loc":{"start":{"line":66,"column":6},"end":{"line":70,"column":7}},"type":"if","locations":[{"start":{"line":66,"column":6},"end":{"line":70,"column":7}},{"start":{},"end":{}}],"line":66},"6":{"loc":{"start":{"line":80,"column":4},"end":{"line":84,"column":5}},"type":"if","locations":[{"start":{"line":80,"column":4},"end":{"line":84,"column":5}},{"start":{},"end":{}}],"line":80},"7":{"loc":{"start":{"line":86,"column":4},"end":{"line":90,"column":5}},"type":"if","locations":[{"start":{"line":86,"column":4},"end":{"line":90,"column":5}},{"start":{},"end":{}}],"line":86},"8":{"loc":{"start":{"line":99,"column":4},"end":{"line":103,"column":5}},"type":"if","locations":[{"start":{"line":99,"column":4},"end":{"line":103,"column":5}},{"start":{},"end":{}}],"line":99}},"s":{"0":2,"1":2,"2":0,"3":0,"4":0,"5":2,"6":9,"7":9,"8":3,"9":3,"10":3,"11":6,"12":6,"13":2,"14":9,"15":9,"16":1,"17":1,"18":1,"19":8,"20":3,"21":3,"22":3,"23":4,"24":2,"25":7,"26":7,"27":2,"28":2,"29":0,"30":5,"31":5,"32":2,"33":8,"34":8,"35":2,"36":2,"37":0,"38":6,"39":2,"40":2,"41":4,"42":4,"43":2,"44":6,"45":6,"46":2,"47":2,"48":0,"49":4,"50":2,"51":2,"52":2,"53":2,"54":2,"55":6,"56":6,"57":3,"58":3,"59":0,"60":3,"61":3,"62":2},"f":{"0":0,"1":9,"2":9,"3":9,"4":9,"5":7,"6":7,"7":8,"8":8,"9":6,"10":6,"11":6,"12":6},"b":{"0":[3,6],"1":[1,8],"2":[3,4],"3":[2,5],"4":[2,6],"5":[2,4],"6":[2,4],"7":[2,2],"8":[3,3]},"_coverageSchema":"1a1c01bbd47fc00a2c39e90264f33305004495a9","hash":"bd9b892df5dcb5013df655be1fff8960a93cdbc3"}
,"/workspace/app/models/db.js": {"path":"/workspace/app/models/db.js","statementMap":{"0":{"start":{"line":1,"column":14},"end":{"line":1,"column":30}},"1":{"start":{"line":2,"column":17},"end":{"line":2,"column":50}},"2":{"start":{"line":4,"column":17},"end":{"line":9,"column":2}},"3":{"start":{"line":11,"column":0},"end":{"line":11,"column":28}}},"fnMap":{},"branchMap":{},"s":{"0":1,"1":1,"2":1,"3":1},"f":{},"b":{},"_coverageSchema":"1a1c01bbd47fc00a2c39e90264f33305004495a9","hash":"10fa8cf463c6aba04862e7f9e0829793e7bd288f"}
,"/workspace/app/routes/customer.routes.js": {"path":"/workspace/app/routes/customer.routes.js","statementMap":{"0":{"start":{"line":1,"column":0},"end":{"line":21,"column":2}},"1":{"start":{"line":2,"column":20},"end":{"line":2,"column":68}},"2":{"start":{"line":5,"column":2},"end":{"line":5,"column":43}},"3":{"start":{"line":8,"column":2},"end":{"line":8,"column":43}},"4":{"start":{"line":11,"column":2},"end":{"line":11,"column":55}},"5":{"start":{"line":14,"column":2},"end":{"line":14,"column":54}},"6":{"start":{"line":17,"column":2},"end":{"line":17,"column":57}},"7":{"start":{"line":20,"column":2},"end":{"line":20,"column":48}}},"fnMap":{"0":{"name":"(anonymous_0)","decl":{"start":{"line":1,"column":17},"end":{"line":1,"column":18}},"loc":{"start":{"line":1,"column":24},"end":{"line":21,"column":1}},"line":1}},"branchMap":{},"s":{"0":0,"1":0,"2":0,"3":0,"4":0,"5":0,"6":0,"7":0},"f":{"0":0},"b":{}}
}
