{"/workspace/app/config/db.config.js": {"path":"/workspace/app/config/db.config.js","statementMap":{"0":{"start":{"line":1,"column":0},"end":{"line":6,"column":2}}},"fnMap":{},"branchMap":{},"s":{"0":3},"f":{},"b":{},"_coverageSchema":"1a1c01bbd47fc00a2c39e90264f33305004495a9","hash":"20ade2af44f1d486f9bb544f1e83b37674c5b946"}
,"/workspace/app/controllers/order.controller.js": {"path":"/workspace/app/controllers/order.controller.js","statementMap":{"0":{"start":{"line":1,"column":14},"end":{"line":1,"column":49}},"1":{"start":{"line":2,"column":12},"end":{"line":2,"column":26}},"2":{"start":{"line":5,"column":20},"end":{"line":58,"column":2}},"3":{"start":{"line":24,"column":45},"end":{"line":24,"column":55}},"4":{"start":{"line":61,"column":0},"end":{"line":105,"column":2}},"5":{"start":{"line":63,"column":2},"end":{"line":67,"column":3}},"6":{"start":{"line":64,"column":4},"end":{"line":66,"column":7}},"7":{"start":{"line":70,"column":27},"end":{"line":70,"column":80}},"8":{"start":{"line":72,"column":2},"end":{"line":78,"column":3}},"9":{"start":{"line":73,"column":26},"end":{"line":73,"column":69}},"10":{"start":{"line":73,"column":54},"end":{"line":73,"column":68}},"11":{"start":{"line":74,"column":4},"end":{"line":77,"column":7}},"12":{"start":{"line":81,"column":16},"end":{"line":81,"column":32}},"13":{"start":{"line":84,"column":2},"end":{"line":104,"column":5}},"14":{"start":{"line":85,"column":4},"end":{"line":98,"column":5}},"15":{"start":{"line":86,"column":6},"end":{"line":86,"column":50}},"16":{"start":{"line":89,"column":6},"end":{"line":93,"column":7}},"17":{"start":{"line":90,"column":8},"end":{"line":92,"column":11}},"18":{"start":{"line":95,"column":6},"end":{"line":97,"column":9}},"19":{"start":{"line":100,"column":4},"end":{"line":103,"column":7}}},"fnMap":{"0":{"name":"(anonymous_0)","decl":{"start":{"line":24,"column":39},"end":{"line":24,"column":40}},"loc":{"start":{"line":24,"column":45},"end":{"line":24,"column":55}},"line":24},"1":{"name":"(anonymous_1)","decl":{"start":{"line":61,"column":17},"end":{"line":61,"column":18}},"loc":{"start":{"line":61,"column":31},"end":{"line":105,"column":1}},"line":61},"2":{"name":"(anonymous_2)","decl":{"start":{"line":73,"column":44},"end":{"line":73,"column":45}},"loc":{"start":{"line":73,"column":54},"end":{"line":73,"column":68}},"line":73},"3":{"name":"(anonymous_3)","decl":{"start":{"line":84,"column":22},"end":{"line":84,"column":23}},"loc":{"start":{"line":84,"column":37},"end":{"line":104,"column":3}},"line":84}},"branchMap":{"0":{"loc":{"start":{"line":63,"column":2},"end":{"line":67,"column":3}},"type":"if","locations":[{"start":{"line":63,"column":2},"end":{"line":67,"column":3}},{"start":{},"end":{}}],"line":63},"1":{"loc":{"start":{"line":72,"column":2},"end":{"line":78,"column":3}},"type":"if","locations":[{"start":{"line":72,"column":2},"end":{"line":78,"column":3}},{"start":{},"end":{}}],"line":72},"2":{"loc":{"start":{"line":85,"column":4},"end":{"line":98,"column":5}},"type":"if","locations":[{"start":{"line":85,"column":4},"end":{"line":98,"column":5}},{"start":{},"end":{}}],"line":85},"3":{"loc":{"start":{"line":89,"column":6},"end":{"line":93,"column":7}},"type":"if","locations":[{"start":{"line":89,"column":6},"end":{"line":93,"column":7}},{"start":{},"end":{}}],"line":89},"4":{"loc":{"start":{"line":96,"column":17},"end":{"line":96,"column":79}},"type":"binary-expr","locations":[{"start":{"line":96,"column":17},"end":{"line":96,"column":28}},{"start":{"line":96,"column":32},"end":{"line":96,"column":79}}],"line":96}},"s":{"0":2,"1":2,"2":2,"3":30,"4":2,"5":30,"6":0,"7":30,"8":30,"9":13,"10":19,"11":13,"12":17,"13":17,"14":17,"15":9,"16":9,"17":1,"18":8,"19":8},"f":{"0":30,"1":30,"2":19,"3":17},"b":{"0":[0,30],"1":[13,17],"2":[9,8],"3":[1,8],"4":[8,0]},"_coverageSchema":"1a1c01bbd47fc00a2c39e90264f33305004495a9","hash":"92171b41ffb9e947f84554bb0afd366ae5f24b53"}
,"/workspace/app/models/db.js": {"path":"/workspace/app/models/db.js","statementMap":{"0":{"start":{"line":1,"column":14},"end":{"line":1,"column":30}},"1":{"start":{"line":2,"column":17},"end":{"line":2,"column":50}},"2":{"start":{"line":4,"column":17},"end":{"line":9,"column":2}},"3":{"start":{"line":11,"column":0},"end":{"line":11,"column":28}}},"fnMap":{},"branchMap":{},"s":{"0":3,"1":3,"2":3,"3":3},"f":{},"b":{},"_coverageSchema":"1a1c01bbd47fc00a2c39e90264f33305004495a9","hash":"10fa8cf463c6aba04862e7f9e0829793e7bd288f"}
,"/workspace/app/models/order.model.js": {"path":"/workspace/app/models/order.model.js","statementMap":{"0":{"start":{"line":1,"column":12},"end":{"line":1,"column":30}},"1":{"start":{"line":4,"column":14},"end":{"line":10,"column":1}},"2":{"start":{"line":5,"column":2},"end":{"line":5,"column":39}},"3":{"start":{"line":6,"column":2},"end":{"line":6,"column":41}},"4":{"start":{"line":7,"column":2},"end":{"line":7,"column":42}},"5":{"start":{"line":8,"column":2},"end":{"line":8,"column":51}},"6":{"start":{"line":9,"column":2},"end":{"line":9,"column":27}},"7":{"start":{"line":12,"column":0},"end":{"line":106,"column":2}},"8":{"start":{"line":14,"column":2},"end":{"line":105,"column":5}},"9":{"start":{"line":15,"column":4},"end":{"line":19,"column":5}},"10":{"start":{"line":16,"column":6},"end":{"line":16,"column":45}},"11":{"start":{"line":17,"column":6},"end":{"line":17,"column":24}},"12":{"start":{"line":18,"column":6},"end":{"line":18,"column":13}},"13":{"start":{"line":21,"column":4},"end":{"line":104,"column":7}},"14":{"start":{"line":22,"column":6},"end":{"line":27,"column":7}},"15":{"start":{"line":23,"column":8},"end":{"line":23,"column":48}},"16":{"start":{"line":24,"column":8},"end":{"line":24,"column":29}},"17":{"start":{"line":25,"column":8},"end":{"line":25,"column":26}},"18":{"start":{"line":26,"column":8},"end":{"line":26,"column":15}},"19":{"start":{"line":30,"column":24},"end":{"line":35,"column":7}},"20":{"start":{"line":37,"column":6},"end":{"line":103,"column":9}},"21":{"start":{"line":38,"column":8},"end":{"line":45,"column":9}},"22":{"start":{"line":39,"column":10},"end":{"line":39,"column":54}},"23":{"start":{"line":40,"column":10},"end":{"line":43,"column":13}},"24":{"start":{"line":41,"column":12},"end":{"line":41,"column":33}},"25":{"start":{"line":42,"column":12},"end":{"line":42,"column":30}},"26":{"start":{"line":44,"column":10},"end":{"line":44,"column":17}},"27":{"start":{"line":47,"column":24},"end":{"line":47,"column":36}},"28":{"start":{"line":50,"column":8},"end":{"line":102,"column":9}},"29":{"start":{"line":51,"column":28},"end":{"line":56,"column":12}},"30":{"start":{"line":51,"column":55},"end":{"line":56,"column":11}},"31":{"start":{"line":58,"column":10},"end":{"line":86,"column":12}},"32":{"start":{"line":62,"column":14},"end":{"line":69,"column":15}},"33":{"start":{"line":63,"column":16},"end":{"line":63,"column":66}},"34":{"start":{"line":64,"column":16},"end":{"line":67,"column":19}},"35":{"start":{"line":65,"column":18},"end":{"line":65,"column":39}},"36":{"start":{"line":66,"column":18},"end":{"line":66,"column":36}},"37":{"start":{"line":68,"column":16},"end":{"line":68,"column":23}},"38":{"start":{"line":71,"column":14},"end":{"line":84,"column":17}},"39":{"start":{"line":72,"column":16},"end":{"line":79,"column":17}},"40":{"start":{"line":73,"column":18},"end":{"line":73,"column":53}},"41":{"start":{"line":74,"column":18},"end":{"line":77,"column":21}},"42":{"start":{"line":75,"column":20},"end":{"line":75,"column":41}},"43":{"start":{"line":76,"column":20},"end":{"line":76,"column":38}},"44":{"start":{"line":78,"column":18},"end":{"line":78,"column":25}},"45":{"start":{"line":81,"column":16},"end":{"line":81,"column":37}},"46":{"start":{"line":82,"column":16},"end":{"line":82,"column":101}},"47":{"start":{"line":83,"column":16},"end":{"line":83,"column":83}},"48":{"start":{"line":88,"column":10},"end":{"line":101,"column":13}},"49":{"start":{"line":89,"column":12},"end":{"line":96,"column":13}},"50":{"start":{"line":90,"column":14},"end":{"line":90,"column":49}},"51":{"start":{"line":91,"column":14},"end":{"line":94,"column":17}},"52":{"start":{"line":92,"column":16},"end":{"line":92,"column":37}},"53":{"start":{"line":93,"column":16},"end":{"line":93,"column":34}},"54":{"start":{"line":95,"column":14},"end":{"line":95,"column":21}},"55":{"start":{"line":98,"column":12},"end":{"line":98,"column":33}},"56":{"start":{"line":99,"column":12},"end":{"line":99,"column":74}},"57":{"start":{"line":100,"column":12},"end":{"line":100,"column":56}},"58":{"start":{"line":108,"column":0},"end":{"line":148,"column":2}},"59":{"start":{"line":109,"column":2},"end":{"line":147,"column":4}},"60":{"start":{"line":125,"column":6},"end":{"line":129,"column":7}},"61":{"start":{"line":126,"column":8},"end":{"line":126,"column":36}},"62":{"start":{"line":127,"column":8},"end":{"line":127,"column":26}},"63":{"start":{"line":128,"column":8},"end":{"line":128,"column":15}},"64":{"start":{"line":131,"column":6},"end":{"line":142,"column":7}},"65":{"start":{"line":132,"column":22},"end":{"line":132,"column":28}},"66":{"start":{"line":134,"column":8},"end":{"line":138,"column":9}},"67":{"start":{"line":135,"column":10},"end":{"line":135,"column":48}},"68":{"start":{"line":137,"column":10},"end":{"line":137,"column":27}},"69":{"start":{"line":139,"column":8},"end":{"line":139,"column":44}},"70":{"start":{"line":140,"column":8},"end":{"line":140,"column":28}},"71":{"start":{"line":141,"column":8},"end":{"line":141,"column":15}},"72":{"start":{"line":145,"column":6},"end":{"line":145,"column":42}},"73":{"start":{"line":150,"column":0},"end":{"line":186,"column":2}},"74":{"start":{"line":151,"column":2},"end":{"line":185,"column":4}},"75":{"start":{"line":166,"column":6},"end":{"line":170,"column":7}},"76":{"start":{"line":167,"column":8},"end":{"line":167,"column":36}},"77":{"start":{"line":168,"column":8},"end":{"line":168,"column":26}},"78":{"start":{"line":169,"column":8},"end":{"line":169,"column":15}},"79":{"start":{"line":173,"column":21},"end":{"line":180,"column":8}},"80":{"start":{"line":174,"column":8},"end":{"line":178,"column":9}},"81":{"start":{"line":175,"column":10},"end":{"line":175,"column":48}},"82":{"start":{"line":177,"column":10},"end":{"line":177,"column":27}},"83":{"start":{"line":179,"column":8},"end":{"line":179,"column":21}},"84":{"start":{"line":182,"column":6},"end":{"line":182,"column":38}},"85":{"start":{"line":183,"column":6},"end":{"line":183,"column":27}},"86":{"start":{"line":188,"column":0},"end":{"line":209,"column":2}},"87":{"start":{"line":189,"column":2},"end":{"line":208,"column":4}},"88":{"start":{"line":193,"column":6},"end":{"line":197,"column":7}},"89":{"start":{"line":194,"column":8},"end":{"line":194,"column":36}},"90":{"start":{"line":195,"column":8},"end":{"line":195,"column":26}},"91":{"start":{"line":196,"column":8},"end":{"line":196,"column":15}},"92":{"start":{"line":199,"column":6},"end":{"line":203,"column":7}},"93":{"start":{"line":201,"column":8},"end":{"line":201,"column":44}},"94":{"start":{"line":202,"column":8},"end":{"line":202,"column":15}},"95":{"start":{"line":205,"column":6},"end":{"line":205,"column":59}},"96":{"start":{"line":206,"column":6},"end":{"line":206,"column":41}},"97":{"start":{"line":211,"column":0},"end":{"line":275,"column":2}},"98":{"start":{"line":212,"column":2},"end":{"line":274,"column":5}},"99":{"start":{"line":213,"column":4},"end":{"line":217,"column":5}},"100":{"start":{"line":214,"column":6},"end":{"line":214,"column":45}},"101":{"start":{"line":215,"column":6},"end":{"line":215,"column":24}},"102":{"start":{"line":216,"column":6},"end":{"line":216,"column":13}},"103":{"start":{"line":219,"column":4},"end":{"line":273,"column":7}},"104":{"start":{"line":220,"column":6},"end":{"line":225,"column":7}},"105":{"start":{"line":221,"column":8},"end":{"line":221,"column":48}},"106":{"start":{"line":222,"column":8},"end":{"line":222,"column":29}},"107":{"start":{"line":223,"column":8},"end":{"line":223,"column":26}},"108":{"start":{"line":224,"column":8},"end":{"line":224,"column":15}},"109":{"start":{"line":228,"column":6},"end":{"line":272,"column":9}},"110":{"start":{"line":229,"column":8},"end":{"line":236,"column":9}},"111":{"start":{"line":230,"column":10},"end":{"line":230,"column":59}},"112":{"start":{"line":231,"column":10},"end":{"line":234,"column":13}},"113":{"start":{"line":232,"column":12},"end":{"line":232,"column":33}},"114":{"start":{"line":233,"column":12},"end":{"line":233,"column":30}},"115":{"start":{"line":235,"column":10},"end":{"line":235,"column":17}},"116":{"start":{"line":239,"column":8},"end":{"line":271,"column":11}},"117":{"start":{"line":240,"column":10},"end":{"line":247,"column":11}},"118":{"start":{"line":241,"column":12},"end":{"line":241,"column":55}},"119":{"start":{"line":242,"column":12},"end":{"line":245,"column":15}},"120":{"start":{"line":243,"column":14},"end":{"line":243,"column":35}},"121":{"start":{"line":244,"column":14},"end":{"line":244,"column":32}},"122":{"start":{"line":246,"column":12},"end":{"line":246,"column":19}},"123":{"start":{"line":249,"column":10},"end":{"line":255,"column":11}},"124":{"start":{"line":250,"column":12},"end":{"line":253,"column":15}},"125":{"start":{"line":251,"column":14},"end":{"line":251,"column":35}},"126":{"start":{"line":252,"column":14},"end":{"line":252,"column":50}},"127":{"start":{"line":254,"column":12},"end":{"line":254,"column":19}},"128":{"start":{"line":257,"column":10},"end":{"line":270,"column":13}},"129":{"start":{"line":258,"column":12},"end":{"line":265,"column":13}},"130":{"start":{"line":259,"column":14},"end":{"line":259,"column":49}},"131":{"start":{"line":260,"column":14},"end":{"line":263,"column":17}},"132":{"start":{"line":261,"column":16},"end":{"line":261,"column":37}},"133":{"start":{"line":262,"column":16},"end":{"line":262,"column":34}},"134":{"start":{"line":264,"column":14},"end":{"line":264,"column":21}},"135":{"start":{"line":267,"column":12},"end":{"line":267,"column":33}},"136":{"start":{"line":268,"column":12},"end":{"line":268,"column":55}},"137":{"start":{"line":269,"column":12},"end":{"line":269,"column":30}},"138":{"start":{"line":277,"column":0},"end":{"line":277,"column":23}}},"fnMap":{"0":{"name":"(anonymous_0)","decl":{"start":{"line":4,"column":14},"end":{"line":4,"column":15}},"loc":{"start":{"line":4,"column":30},"end":{"line":10,"column":1}},"line":4},"1":{"name":"(anonymous_1)","decl":{"start":{"line":12,"column":15},"end":{"line":12,"column":16}},"loc":{"start":{"line":12,"column":37},"end":{"line":106,"column":1}},"line":12},"2":{"name":"(anonymous_2)","decl":{"start":{"line":14,"column":20},"end":{"line":14,"column":21}},"loc":{"start":{"line":14,"column":41},"end":{"line":105,"column":3}},"line":14},"3":{"name":"(anonymous_3)","decl":{"start":{"line":21,"column":32},"end":{"line":21,"column":33}},"loc":{"start":{"line":21,"column":41},"end":{"line":104,"column":5}},"line":21},"4":{"name":"(anonymous_4)","decl":{"start":{"line":37,"column":62},"end":{"line":37,"column":63}},"loc":{"start":{"line":37,"column":76},"end":{"line":103,"column":7}},"line":37},"5":{"name":"(anonymous_5)","decl":{"start":{"line":40,"column":30},"end":{"line":40,"column":31}},"loc":{"start":{"line":40,"column":36},"end":{"line":43,"column":11}},"line":40},"6":{"name":"(anonymous_6)","decl":{"start":{"line":51,"column":47},"end":{"line":51,"column":48}},"loc":{"start":{"line":51,"column":55},"end":{"line":56,"column":11}},"line":51},"7":{"name":"(anonymous_7)","decl":{"start":{"line":61,"column":12},"end":{"line":61,"column":13}},"loc":{"start":{"line":61,"column":26},"end":{"line":85,"column":13}},"line":61},"8":{"name":"(anonymous_8)","decl":{"start":{"line":64,"column":36},"end":{"line":64,"column":37}},"loc":{"start":{"line":64,"column":42},"end":{"line":67,"column":17}},"line":64},"9":{"name":"(anonymous_9)","decl":{"start":{"line":71,"column":32},"end":{"line":71,"column":33}},"loc":{"start":{"line":71,"column":41},"end":{"line":84,"column":15}},"line":71},"10":{"name":"(anonymous_10)","decl":{"start":{"line":74,"column":38},"end":{"line":74,"column":39}},"loc":{"start":{"line":74,"column":44},"end":{"line":77,"column":19}},"line":74},"11":{"name":"(anonymous_11)","decl":{"start":{"line":88,"column":28},"end":{"line":88,"column":29}},"loc":{"start":{"line":88,"column":37},"end":{"line":101,"column":11}},"line":88},"12":{"name":"(anonymous_12)","decl":{"start":{"line":91,"column":34},"end":{"line":91,"column":35}},"loc":{"start":{"line":91,"column":40},"end":{"line":94,"column":15}},"line":91},"13":{"name":"(anonymous_13)","decl":{"start":{"line":108,"column":17},"end":{"line":108,"column":18}},"loc":{"start":{"line":108,"column":38},"end":{"line":148,"column":1}},"line":108},"14":{"name":"(anonymous_14)","decl":{"start":{"line":124,"column":4},"end":{"line":124,"column":5}},"loc":{"start":{"line":124,"column":18},"end":{"line":146,"column":5}},"line":124},"15":{"name":"(anonymous_15)","decl":{"start":{"line":150,"column":15},"end":{"line":150,"column":16}},"loc":{"start":{"line":150,"column":25},"end":{"line":186,"column":1}},"line":150},"16":{"name":"(anonymous_16)","decl":{"start":{"line":165,"column":4},"end":{"line":165,"column":5}},"loc":{"start":{"line":165,"column":18},"end":{"line":184,"column":5}},"line":165},"17":{"name":"(anonymous_17)","decl":{"start":{"line":173,"column":29},"end":{"line":173,"column":30}},"loc":{"start":{"line":173,"column":38},"end":{"line":180,"column":7}},"line":173},"18":{"name":"(anonymous_18)","decl":{"start":{"line":188,"column":19},"end":{"line":188,"column":20}},"loc":{"start":{"line":188,"column":42},"end":{"line":209,"column":1}},"line":188},"19":{"name":"(anonymous_19)","decl":{"start":{"line":192,"column":4},"end":{"line":192,"column":5}},"loc":{"start":{"line":192,"column":18},"end":{"line":207,"column":5}},"line":192},"20":{"name":"(anonymous_20)","decl":{"start":{"line":211,"column":15},"end":{"line":211,"column":16}},"loc":{"start":{"line":211,"column":31},"end":{"line":275,"column":1}},"line":211},"21":{"name":"(anonymous_21)","decl":{"start":{"line":212,"column":20},"end":{"line":212,"column":21}},"loc":{"start":{"line":212,"column":41},"end":{"line":274,"column":3}},"line":212},"22":{"name":"(anonymous_22)","decl":{"start":{"line":219,"column":32},"end":{"line":219,"column":33}},"loc":{"start":{"line":219,"column":41},"end":{"line":273,"column":5}},"line":219},"23":{"name":"(anonymous_23)","decl":{"start":{"line":228,"column":73},"end":{"line":228,"column":74}},"loc":{"start":{"line":228,"column":87},"end":{"line":272,"column":7}},"line":228},"24":{"name":"(anonymous_24)","decl":{"start":{"line":231,"column":30},"end":{"line":231,"column":31}},"loc":{"start":{"line":231,"column":36},"end":{"line":234,"column":11}},"line":231},"25":{"name":"(anonymous_25)","decl":{"start":{"line":239,"column":64},"end":{"line":239,"column":65}},"loc":{"start":{"line":239,"column":78},"end":{"line":271,"column":9}},"line":239},"26":{"name":"(anonymous_26)","decl":{"start":{"line":242,"column":32},"end":{"line":242,"column":33}},"loc":{"start":{"line":242,"column":38},"end":{"line":245,"column":13}},"line":242},"27":{"name":"(anonymous_27)","decl":{"start":{"line":250,"column":32},"end":{"line":250,"column":33}},"loc":{"start":{"line":250,"column":38},"end":{"line":253,"column":13}},"line":250},"28":{"name":"(anonymous_28)","decl":{"start":{"line":257,"column":28},"end":{"line":257,"column":29}},"loc":{"start":{"line":257,"column":37},"end":{"line":270,"column":11}},"line":257},"29":{"name":"(anonymous_29)","decl":{"start":{"line":260,"column":34},"end":{"line":260,"column":35}},"loc":{"start":{"line":260,"column":40},"end":{"line":263,"column":15}},"line":260}},"branchMap":{"0":{"loc":{"start":{"line":7,"column":16},"end":{"line":7,"column":41}},"type":"binary-expr","locations":[{"start":{"line":7,"column":16},"end":{"line":7,"column":28}},{"start":{"line":7,"column":32},"end":{"line":7,"column":41}}],"line":7},"1":{"loc":{"start":{"line":8,"column":20},"end":{"line":8,"column":50}},"type":"binary-expr","locations":[{"start":{"line":8,"column":20},"end":{"line":8,"column":36}},{"start":{"line":8,"column":40},"end":{"line":8,"column":50}}],"line":8},"2":{"loc":{"start":{"line":15,"column":4},"end":{"line":19,"column":5}},"type":"if","locations":[{"start":{"line":15,"column":4},"end":{"line":19,"column":5}},{"start":{},"end":{}}],"line":15},"3":{"loc":{"start":{"line":22,"column":6},"end":{"line":27,"column":7}},"type":"if","locations":[{"start":{"line":22,"column":6},"end":{"line":27,"column":7}},{"start":{},"end":{}}],"line":22},"4":{"loc":{"start":{"line":38,"column":8},"end":{"line":45,"column":9}},"type":"if","locations":[{"start":{"line":38,"column":8},"end":{"line":45,"column":9}},{"start":{},"end":{}}],"line":38},"5":{"loc":{"start":{"line":50,"column":8},"end":{"line":102,"column":9}},"type":"if","locations":[{"start":{"line":50,"column":8},"end":{"line":102,"column":9}},{"start":{"line":87,"column":15},"end":{"line":102,"column":9}}],"line":50},"6":{"loc":{"start":{"line":50,"column":12},"end":{"line":50,"column":55}},"type":"binary-expr","locations":[{"start":{"line":50,"column":12},"end":{"line":50,"column":26}},{"start":{"line":50,"column":30},"end":{"line":50,"column":55}}],"line":50},"7":{"loc":{"start":{"line":62,"column":14},"end":{"line":69,"column":15}},"type":"if","locations":[{"start":{"line":62,"column":14},"end":{"line":69,"column":15}},{"start":{},"end":{}}],"line":62},"8":{"loc":{"start":{"line":72,"column":16},"end":{"line":79,"column":17}},"type":"if","locations":[{"start":{"line":72,"column":16},"end":{"line":79,"column":17}},{"start":{},"end":{}}],"line":72},"9":{"loc":{"start":{"line":89,"column":12},"end":{"line":96,"column":13}},"type":"if","locations":[{"start":{"line":89,"column":12},"end":{"line":96,"column":13}},{"start":{},"end":{}}],"line":89},"10":{"loc":{"start":{"line":125,"column":6},"end":{"line":129,"column":7}},"type":"if","locations":[{"start":{"line":125,"column":6},"end":{"line":129,"column":7}},{"start":{},"end":{}}],"line":125},"11":{"loc":{"start":{"line":131,"column":6},"end":{"line":142,"column":7}},"type":"if","locations":[{"start":{"line":131,"column":6},"end":{"line":142,"column":7}},{"start":{},"end":{}}],"line":131},"12":{"loc":{"start":{"line":134,"column":8},"end":{"line":138,"column":9}},"type":"if","locations":[{"start":{"line":134,"column":8},"end":{"line":138,"column":9}},{"start":{"line":136,"column":15},"end":{"line":138,"column":9}}],"line":134},"13":{"loc":{"start":{"line":134,"column":12},"end":{"line":134,"column":51}},"type":"binary-expr","locations":[{"start":{"line":134,"column":12},"end":{"line":134,"column":23}},{"start":{"line":134,"column":27},"end":{"line":134,"column":51}}],"line":134},"14":{"loc":{"start":{"line":166,"column":6},"end":{"line":170,"column":7}},"type":"if","locations":[{"start":{"line":166,"column":6},"end":{"line":170,"column":7}},{"start":{},"end":{}}],"line":166},"15":{"loc":{"start":{"line":174,"column":8},"end":{"line":178,"column":9}},"type":"if","locations":[{"start":{"line":174,"column":8},"end":{"line":178,"column":9}},{"start":{"line":176,"column":15},"end":{"line":178,"column":9}}],"line":174},"16":{"loc":{"start":{"line":174,"column":12},"end":{"line":174,"column":51}},"type":"binary-expr","locations":[{"start":{"line":174,"column":12},"end":{"line":174,"column":23}},{"start":{"line":174,"column":27},"end":{"line":174,"column":51}}],"line":174},"17":{"loc":{"start":{"line":193,"column":6},"end":{"line":197,"column":7}},"type":"if","locations":[{"start":{"line":193,"column":6},"end":{"line":197,"column":7}},{"start":{},"end":{}}],"line":193},"18":{"loc":{"start":{"line":199,"column":6},"end":{"line":203,"column":7}},"type":"if","locations":[{"start":{"line":199,"column":6},"end":{"line":203,"column":7}},{"start":{},"end":{}}],"line":199},"19":{"loc":{"start":{"line":213,"column":4},"end":{"line":217,"column":5}},"type":"if","locations":[{"start":{"line":213,"column":4},"end":{"line":217,"column":5}},{"start":{},"end":{}}],"line":213},"20":{"loc":{"start":{"line":220,"column":6},"end":{"line":225,"column":7}},"type":"if","locations":[{"start":{"line":220,"column":6},"end":{"line":225,"column":7}},{"start":{},"end":{}}],"line":220},"21":{"loc":{"start":{"line":229,"column":8},"end":{"line":236,"column":9}},"type":"if","locations":[{"start":{"line":229,"column":8},"end":{"line":236,"column":9}},{"start":{},"end":{}}],"line":229},"22":{"loc":{"start":{"line":240,"column":10},"end":{"line":247,"column":11}},"type":"if","locations":[{"start":{"line":240,"column":10},"end":{"line":247,"column":11}},{"start":{},"end":{}}],"line":240},"23":{"loc":{"start":{"line":249,"column":10},"end":{"line":255,"column":11}},"type":"if","locations":[{"start":{"line":249,"column":10},"end":{"line":255,"column":11}},{"start":{},"end":{}}],"line":249},"24":{"loc":{"start":{"line":258,"column":12},"end":{"line":265,"column":13}},"type":"if","locations":[{"start":{"line":258,"column":12},"end":{"line":265,"column":13}},{"start":{},"end":{}}],"line":258}},"s":{"0":3,"1":3,"2":14,"3":14,"4":14,"5":14,"6":14,"7":3,"8":12,"9":12,"10":8,"11":8,"12":8,"13":4,"14":4,"15":1,"16":1,"17":1,"18":1,"19":3,"20":3,"21":3,"22":1,"23":1,"24":1,"25":1,"26":1,"27":2,"28":2,"29":1,"30":1,"31":1,"32":1,"33":0,"34":0,"35":0,"36":0,"37":0,"38":1,"39":1,"40":0,"41":0,"42":0,"43":0,"44":0,"45":1,"46":1,"47":1,"48":1,"49":1,"50":0,"51":0,"52":0,"53":0,"54":0,"55":1,"56":1,"57":1,"58":3,"59":3,"60":3,"61":1,"62":1,"63":1,"64":2,"65":1,"66":1,"67":1,"68":0,"69":1,"70":1,"71":1,"72":1,"73":3,"74":0,"75":0,"76":0,"77":0,"78":0,"79":0,"80":0,"81":0,"82":0,"83":0,"84":0,"85":0,"86":3,"87":0,"88":0,"89":0,"90":0,"91":0,"92":0,"93":0,"94":0,"95":0,"96":0,"97":3,"98":0,"99":0,"100":0,"101":0,"102":0,"103":0,"104":0,"105":0,"106":0,"107":0,"108":0,"109":0,"110":0,"111":0,"112":0,"113":0,"114":0,"115":0,"116":0,"117":0,"118":0,"119":0,"120":0,"121":0,"122":0,"123":0,"124":0,"125":0,"126":0,"127":0,"128":0,"129":0,"130":0,"131":0,"132":0,"133":0,"134":0,"135":0,"136":0,"137":0,"138":3},"f":{"0":14,"1":12,"2":12,"3":4,"4":3,"5":1,"6":1,"7":1,"8":0,"9":1,"10":0,"11":1,"12":0,"13":3,"14":3,"15":0,"16":0,"17":0,"18":0,"19":0,"20":0,"21":0,"22":0,"23":0,"24":0,"25":0,"26":0,"27":0,"28":0,"29":0},"b":{"0":[14,4],"1":[14,4],"2":[8,4],"3":[1,3],"4":[1,2],"5":[1,1],"6":[2,1],"7":[0,1],"8":[0,1],"9":[0,1],"10":[1,2],"11":[1,1],"12":[1,0],"13":[1,1],"14":[0,0],"15":[0,0],"16":[0,0],"17":[0,0],"18":[0,0],"19":[0,0],"20":[0,0],"21":[0,0],"22":[0,0],"23":[0,0],"24":[0,0]},"_coverageSchema":"1a1c01bbd47fc00a2c39e90264f33305004495a9","hash":"dd48be8f4edd704af4c113338c023e513d9a8b5d"}
,"/workspace/app/routes/order.routes.js": {"path":"/workspace/app/routes/order.routes.js","statementMap":{"0":{"start":{"line":1,"column":0},"end":{"line":6,"column":2}},"1":{"start":{"line":2,"column":17},"end":{"line":2,"column":62}},"2":{"start":{"line":5,"column":2},"end":{"line":5,"column":40}}},"fnMap":{"0":{"name":"(anonymous_0)","decl":{"start":{"line":1,"column":17},"end":{"line":1,"column":18}},"loc":{"start":{"line":1,"column":24},"end":{"line":6,"column":1}},"line":1}},"branchMap":{},"s":{"0":1,"1":1,"2":1},"f":{"0":1},"b":{},"_coverageSchema":"1a1c01bbd47fc00a2c39e90264f33305004495a9","hash":"6a520a93635c48d09739345424803637f867c815"}
}
