TN:
SF:app/controllers/customer.controller.js
FN:4,(anonymous_0)
FN:20,(anonymous_1)
FN:31,(anonymous_2)
FN:32,(anonymous_3)
FN:43,(anonymous_4)
FN:44,(anonymous_5)
FN:60,(anonymous_6)
FN:73,(anonymous_7)
FN:90,(anonymous_8)
FN:91,(anonymous_9)
FN:107,(anonymous_10)
FN:108,(anonymous_11)
FNF:12
FNH:0
FNDA:0,(anonymous_0)
FNDA:0,(anonymous_1)
FNDA:0,(anonymous_2)
FNDA:0,(anonymous_3)
FNDA:0,(anonymous_4)
FNDA:0,(anonymous_5)
FNDA:0,(anonymous_6)
FNDA:0,(anonymous_7)
FNDA:0,(anonymous_8)
FNDA:0,(anonymous_9)
FNDA:0,(anonymous_10)
FNDA:0,(anonymous_11)
DA:1,0
DA:4,0
DA:6,0
DA:7,0
DA:13,0
DA:20,0
DA:21,0
DA:22,0
DA:26,0
DA:31,0
DA:32,0
DA:33,0
DA:34,0
DA:38,0
DA:43,0
DA:44,0
DA:45,0
DA:46,0
DA:47,0
DA:51,0
DA:55,0
DA:60,0
DA:62,0
DA:63,0
DA:68,0
DA:70,0
DA:74,0
DA:75,0
DA:76,0
DA:80,0
DA:84,0
DA:90,0
DA:91,0
DA:92,0
DA:93,0
DA:94,0
DA:98,0
DA:102,0
DA:107,0
DA:108,0
DA:109,0
DA:110,0
DA:114,0
LF:43
LH:0
BRDA:6,0,0,0
BRDA:6,0,1,0
BRDA:21,1,0,0
BRDA:21,1,1,0
BRDA:24,2,0,0
BRDA:24,2,1,0
BRDA:33,3,0,0
BRDA:33,3,1,0
BRDA:36,4,0,0
BRDA:36,4,1,0
BRDA:45,5,0,0
BRDA:45,5,1,0
BRDA:46,6,0,0
BRDA:46,6,1,0
BRDA:62,7,0,0
BRDA:62,7,1,0
BRDA:74,8,0,0
BRDA:74,8,1,0
BRDA:75,9,0,0
BRDA:75,9,1,0
BRDA:92,10,0,0
BRDA:92,10,1,0
BRDA:93,11,0,0
BRDA:93,11,1,0
BRDA:109,12,0,0
BRDA:109,12,1,0
BRDA:112,13,0,0
BRDA:112,13,1,0
BRF:28
BRH:0
end_of_record
TN:
SF:app/controllers/order.controller.js
FN:4,(anonymous_0)
FN:50,(anonymous_1)
FN:84,(anonymous_2)
FN:95,(anonymous_3)
FN:96,(anonymous_4)
FN:107,(anonymous_5)
FN:108,(anonymous_6)
FN:125,(anonymous_7)
FN:159,(anonymous_8)
FN:177,(anonymous_9)
FN:178,(anonymous_10)
FN:195,(anonymous_11)
FN:196,(anonymous_12)
FNF:13
FNH:7
FNDA:16,(anonymous_0)
FNDA:16,(anonymous_1)
FNDA:4,(anonymous_2)
FNDA:2,(anonymous_3)
FNDA:2,(anonymous_4)
FNDA:3,(anonymous_5)
FNDA:3,(anonymous_6)
FNDA:0,(anonymous_7)
FNDA:0,(anonymous_8)
FNDA:0,(anonymous_9)
FNDA:0,(anonymous_10)
FNDA:0,(anonymous_11)
FNDA:0,(anonymous_12)
DA:1,1
DA:4,1
DA:5,16
DA:8,16
DA:9,2
DA:10,14
DA:11,1
DA:14,16
DA:15,2
DA:16,14
DA:17,1
DA:18,13
DA:19,1
DA:22,16
DA:23,2
DA:24,14
DA:25,1
DA:28,16
DA:29,2
DA:30,14
DA:31,1
DA:35,16
DA:36,1
DA:39,16
DA:40,1
DA:41,1
DA:42,1
DA:46,16
DA:50,1
DA:52,16
DA:53,0
DA:59,16
DA:60,16
DA:61,12
DA:68,4
DA:69,4
DA:70,4
DA:73,4
DA:84,4
DA:85,4
DA:86,1
DA:90,3
DA:95,1
DA:96,2
DA:97,2
DA:98,1
DA:102,1
DA:107,1
DA:108,3
DA:109,3
DA:110,2
DA:111,1
DA:115,1
DA:120,1
DA:125,1
DA:127,0
DA:128,0
DA:134,0
DA:135,0
DA:136,0
DA:143,0
DA:144,0
DA:145,0
DA:147,0
DA:156,0
DA:160,0
DA:161,0
DA:162,0
DA:166,0
DA:171,0
DA:177,1
DA:178,0
DA:179,0
DA:180,0
DA:181,0
DA:185,0
DA:190,0
DA:195,1
DA:196,0
DA:197,0
DA:198,0
DA:202,0
LF:82
LH:56
BRDA:8,0,0,2
BRDA:8,0,1,14
BRDA:10,1,0,1
BRDA:10,1,1,13
BRDA:10,2,0,14
BRDA:10,2,1,14
BRDA:14,3,0,2
BRDA:14,3,1,14
BRDA:16,4,0,1
BRDA:16,4,1,13
BRDA:16,5,0,14
BRDA:16,5,1,14
BRDA:18,6,0,1
BRDA:18,6,1,12
BRDA:22,7,0,2
BRDA:22,7,1,14
BRDA:22,8,0,16
BRDA:22,8,1,14
BRDA:22,8,2,14
BRDA:24,9,0,1
BRDA:24,9,1,13
BRDA:24,10,0,14
BRDA:24,10,1,14
BRDA:28,11,0,2
BRDA:28,11,1,14
BRDA:28,12,0,16
BRDA:28,12,1,14
BRDA:28,12,2,14
BRDA:30,13,0,1
BRDA:30,13,1,13
BRDA:30,14,0,14
BRDA:30,14,1,14
BRDA:35,15,0,1
BRDA:35,15,1,15
BRDA:35,16,0,16
BRDA:35,16,1,2
BRDA:39,17,0,1
BRDA:39,17,1,15
BRDA:41,18,0,1
BRDA:41,18,1,0
BRDA:52,19,0,0
BRDA:52,19,1,16
BRDA:60,20,0,12
BRDA:60,20,1,4
BRDA:70,21,0,4
BRDA:70,21,1,3
BRDA:79,22,0,4
BRDA:79,22,1,4
BRDA:80,23,0,4
BRDA:80,23,1,3
BRDA:85,24,0,1
BRDA:85,24,1,3
BRDA:87,25,0,1
BRDA:87,25,1,0
BRDA:97,26,0,1
BRDA:97,26,1,1
BRDA:99,27,0,1
BRDA:99,27,1,0
BRDA:109,28,0,2
BRDA:109,28,1,1
BRDA:110,29,0,1
BRDA:110,29,1,1
BRDA:127,30,0,0
BRDA:127,30,1,0
BRDA:135,31,0,0
BRDA:135,31,1,0
BRDA:145,32,0,0
BRDA:145,32,1,0
BRDA:153,33,0,0
BRDA:153,33,1,0
BRDA:160,34,0,0
BRDA:160,34,1,0
BRDA:161,35,0,0
BRDA:161,35,1,0
BRDA:179,36,0,0
BRDA:179,36,1,0
BRDA:180,37,0,0
BRDA:180,37,1,0
BRDA:197,38,0,0
BRDA:197,38,1,0
BRDA:199,39,0,0
BRDA:199,39,1,0
BRF:82
BRH:58
end_of_record
TN:
SF:app/models/customer.model.js
FN:4,(anonymous_0)
FN:10,(anonymous_1)
FN:11,(anonymous_2)
FN:23,(anonymous_3)
FN:24,(anonymous_4)
FN:42,(anonymous_5)
FN:43,(anonymous_6)
FN:55,(anonymous_7)
FN:59,(anonymous_8)
FN:78,(anonymous_9)
FN:79,(anonymous_10)
FN:97,(anonymous_11)
FN:98,(anonymous_12)
FNF:13
FNH:0
FNDA:0,(anonymous_0)
FNDA:0,(anonymous_1)
FNDA:0,(anonymous_2)
FNDA:0,(anonymous_3)
FNDA:0,(anonymous_4)
FNDA:0,(anonymous_5)
FNDA:0,(anonymous_6)
FNDA:0,(anonymous_7)
FNDA:0,(anonymous_8)
FNDA:0,(anonymous_9)
FNDA:0,(anonymous_10)
FNDA:0,(anonymous_11)
FNDA:0,(anonymous_12)
DA:1,0
DA:4,0
DA:5,0
DA:6,0
DA:7,0
DA:10,0
DA:11,0
DA:12,0
DA:13,0
DA:14,0
DA:15,0
DA:18,0
DA:19,0
DA:23,0
DA:24,0
DA:25,0
DA:26,0
DA:27,0
DA:28,0
DA:31,0
DA:32,0
DA:33,0
DA:34,0
DA:38,0
DA:42,0
DA:43,0
DA:44,0
DA:45,0
DA:46,0
DA:47,0
DA:50,0
DA:51,0
DA:55,0
DA:56,0
DA:60,0
DA:61,0
DA:62,0
DA:63,0
DA:66,0
DA:68,0
DA:69,0
DA:72,0
DA:73,0
DA:78,0
DA:79,0
DA:80,0
DA:81,0
DA:82,0
DA:83,0
DA:86,0
DA:88,0
DA:89,0
DA:92,0
DA:93,0
DA:97,0
DA:98,0
DA:99,0
DA:100,0
DA:101,0
DA:102,0
DA:105,0
DA:106,0
DA:110,0
LF:63
LH:0
BRDA:12,0,0,0
BRDA:12,0,1,0
BRDA:25,1,0,0
BRDA:25,1,1,0
BRDA:31,2,0,0
BRDA:31,2,1,0
BRDA:44,3,0,0
BRDA:44,3,1,0
BRDA:60,4,0,0
BRDA:60,4,1,0
BRDA:66,5,0,0
BRDA:66,5,1,0
BRDA:80,6,0,0
BRDA:80,6,1,0
BRDA:86,7,0,0
BRDA:86,7,1,0
BRDA:99,8,0,0
BRDA:99,8,1,0
BRF:18
BRH:0
end_of_record
TN:
SF:app/models/order.model.js
FN:4,(anonymous_0)
FN:14,(anonymous_1)
FN:31,(anonymous_2)
FN:39,(anonymous_3)
FN:52,(anonymous_4)
FN:53,(anonymous_5)
FN:71,(anonymous_6)
FN:72,(anonymous_7)
FN:84,(anonymous_8)
FN:88,(anonymous_9)
FN:107,(anonymous_10)
FN:108,(anonymous_11)
FN:126,(anonymous_12)
FN:127,(anonymous_13)
FNF:14
FNH:1
FNDA:4,(anonymous_0)
FNDA:0,(anonymous_1)
FNDA:0,(anonymous_2)
FNDA:0,(anonymous_3)
FNDA:0,(anonymous_4)
FNDA:0,(anonymous_5)
FNDA:0,(anonymous_6)
FNDA:0,(anonymous_7)
FNDA:0,(anonymous_8)
FNDA:0,(anonymous_9)
FNDA:0,(anonymous_10)
FNDA:0,(anonymous_11)
FNDA:0,(anonymous_12)
FNDA:0,(anonymous_13)
DA:1,1
DA:4,1
DA:5,4
DA:6,4
DA:7,4
DA:8,4
DA:9,4
DA:10,4
DA:11,4
DA:14,1
DA:16,0
DA:31,0
DA:32,0
DA:33,0
DA:34,0
DA:35,0
DA:39,0
DA:40,0
DA:41,0
DA:42,0
DA:43,0
DA:46,0
DA:47,0
DA:52,1
DA:53,0
DA:54,0
DA:55,0
DA:56,0
DA:57,0
DA:60,0
DA:61,0
DA:62,0
DA:63,0
DA:67,0
DA:71,1
DA:72,0
DA:73,0
DA:74,0
DA:75,0
DA:76,0
DA:79,0
DA:80,0
DA:84,1
DA:85,0
DA:89,0
DA:90,0
DA:91,0
DA:92,0
DA:95,0
DA:97,0
DA:98,0
DA:101,0
DA:102,0
DA:107,1
DA:108,0
DA:109,0
DA:110,0
DA:111,0
DA:112,0
DA:115,0
DA:117,0
DA:118,0
DA:121,0
DA:122,0
DA:126,1
DA:127,0
DA:128,0
DA:129,0
DA:130,0
DA:131,0
DA:134,0
DA:135,0
DA:139,1
LF:73
LH:16
BRDA:11,0,0,4
BRDA:11,0,1,0
BRDA:32,1,0,0
BRDA:32,1,1,0
BRDA:40,2,0,0
BRDA:40,2,1,0
BRDA:54,3,0,0
BRDA:54,3,1,0
BRDA:60,4,0,0
BRDA:60,4,1,0
BRDA:73,5,0,0
BRDA:73,5,1,0
BRDA:89,6,0,0
BRDA:89,6,1,0
BRDA:95,7,0,0
BRDA:95,7,1,0
BRDA:109,8,0,0
BRDA:109,8,1,0
BRDA:115,9,0,0
BRDA:115,9,1,0
BRDA:128,10,0,0
BRDA:128,10,1,0
BRF:22
BRH:1
end_of_record
TN:
SF:app/routes/customer.routes.js
FN:1,(anonymous_0)
FNF:1
FNH:0
FNDA:0,(anonymous_0)
DA:1,0
DA:2,0
DA:5,0
DA:8,0
DA:11,0
DA:14,0
DA:17,0
DA:20,0
LF:8
LH:0
BRF:0
BRH:0
end_of_record
TN:
SF:app/routes/order.routes.js
FN:1,(anonymous_0)
FNF:1
FNH:1
FNDA:1,(anonymous_0)
DA:1,1
DA:2,1
DA:5,1
DA:8,1
DA:11,1
DA:14,1
DA:17,1
DA:20,1
LF:8
LH:8
BRF:0
BRH:0
end_of_record
