TN:
SF:app/config/db.config.js
FNF:0
FNH:0
DA:1,1
LF:1
LH:1
BRF:0
BRH:0
end_of_record
TN:
SF:app/controllers/customer.controller.js
FN:4,(anonymous_0)
FN:20,(anonymous_1)
FN:31,(anonymous_2)
FN:32,(anonymous_3)
FN:43,(anonymous_4)
FN:44,(anonymous_5)
FN:60,(anonymous_6)
FN:73,(anonymous_7)
FN:90,(anonymous_8)
FN:91,(anonymous_9)
FN:107,(anonymous_10)
FN:108,(anonymous_11)
FNF:12
FNH:0
FNDA:0,(anonymous_0)
FNDA:0,(anonymous_1)
FNDA:0,(anonymous_2)
FNDA:0,(anonymous_3)
FNDA:0,(anonymous_4)
FNDA:0,(anonymous_5)
FNDA:0,(anonymous_6)
FNDA:0,(anonymous_7)
FNDA:0,(anonymous_8)
FNDA:0,(anonymous_9)
FNDA:0,(anonymous_10)
FNDA:0,(anonymous_11)
DA:1,0
DA:4,0
DA:6,0
DA:7,0
DA:13,0
DA:20,0
DA:21,0
DA:22,0
DA:26,0
DA:31,0
DA:32,0
DA:33,0
DA:34,0
DA:38,0
DA:43,0
DA:44,0
DA:45,0
DA:46,0
DA:47,0
DA:51,0
DA:55,0
DA:60,0
DA:62,0
DA:63,0
DA:68,0
DA:70,0
DA:74,0
DA:75,0
DA:76,0
DA:80,0
DA:84,0
DA:90,0
DA:91,0
DA:92,0
DA:93,0
DA:94,0
DA:98,0
DA:102,0
DA:107,0
DA:108,0
DA:109,0
DA:110,0
DA:114,0
LF:43
LH:0
BRDA:6,0,0,0
BRDA:6,0,1,0
BRDA:21,1,0,0
BRDA:21,1,1,0
BRDA:24,2,0,0
BRDA:24,2,1,0
BRDA:33,3,0,0
BRDA:33,3,1,0
BRDA:36,4,0,0
BRDA:36,4,1,0
BRDA:45,5,0,0
BRDA:45,5,1,0
BRDA:46,6,0,0
BRDA:46,6,1,0
BRDA:62,7,0,0
BRDA:62,7,1,0
BRDA:74,8,0,0
BRDA:74,8,1,0
BRDA:75,9,0,0
BRDA:75,9,1,0
BRDA:92,10,0,0
BRDA:92,10,1,0
BRDA:93,11,0,0
BRDA:93,11,1,0
BRDA:109,12,0,0
BRDA:109,12,1,0
BRDA:112,13,0,0
BRDA:112,13,1,0
BRF:28
BRH:0
end_of_record
TN:
SF:app/models/customer.model.js
FN:4,(anonymous_0)
FN:10,(anonymous_1)
FN:11,(anonymous_2)
FN:23,(anonymous_3)
FN:24,(anonymous_4)
FN:42,(anonymous_5)
FN:43,(anonymous_6)
FN:55,(anonymous_7)
FN:59,(anonymous_8)
FN:78,(anonymous_9)
FN:79,(anonymous_10)
FN:97,(anonymous_11)
FN:98,(anonymous_12)
FNF:13
FNH:0
FNDA:0,(anonymous_0)
FNDA:0,(anonymous_1)
FNDA:0,(anonymous_2)
FNDA:0,(anonymous_3)
FNDA:0,(anonymous_4)
FNDA:0,(anonymous_5)
FNDA:0,(anonymous_6)
FNDA:0,(anonymous_7)
FNDA:0,(anonymous_8)
FNDA:0,(anonymous_9)
FNDA:0,(anonymous_10)
FNDA:0,(anonymous_11)
FNDA:0,(anonymous_12)
DA:1,0
DA:4,0
DA:5,0
DA:6,0
DA:7,0
DA:10,0
DA:11,0
DA:12,0
DA:13,0
DA:14,0
DA:15,0
DA:18,0
DA:19,0
DA:23,0
DA:24,0
DA:25,0
DA:26,0
DA:27,0
DA:28,0
DA:31,0
DA:32,0
DA:33,0
DA:34,0
DA:38,0
DA:42,0
DA:43,0
DA:44,0
DA:45,0
DA:46,0
DA:47,0
DA:50,0
DA:51,0
DA:55,0
DA:56,0
DA:60,0
DA:61,0
DA:62,0
DA:63,0
DA:66,0
DA:68,0
DA:69,0
DA:72,0
DA:73,0
DA:78,0
DA:79,0
DA:80,0
DA:81,0
DA:82,0
DA:83,0
DA:86,0
DA:88,0
DA:89,0
DA:92,0
DA:93,0
DA:97,0
DA:98,0
DA:99,0
DA:100,0
DA:101,0
DA:102,0
DA:105,0
DA:106,0
DA:110,0
LF:63
LH:0
BRDA:12,0,0,0
BRDA:12,0,1,0
BRDA:25,1,0,0
BRDA:25,1,1,0
BRDA:31,2,0,0
BRDA:31,2,1,0
BRDA:44,3,0,0
BRDA:44,3,1,0
BRDA:60,4,0,0
BRDA:60,4,1,0
BRDA:66,5,0,0
BRDA:66,5,1,0
BRDA:80,6,0,0
BRDA:80,6,1,0
BRDA:86,7,0,0
BRDA:86,7,1,0
BRDA:99,8,0,0
BRDA:99,8,1,0
BRF:18
BRH:0
end_of_record
TN:
SF:app/models/db.js
FNF:0
FNH:0
DA:1,1
DA:2,1
DA:4,1
DA:11,1
LF:4
LH:4
BRF:0
BRH:0
end_of_record
TN:
SF:app/models/user.model.js
FN:4,(anonymous_0)
FN:17,(anonymous_1)
FN:26,(anonymous_2)
FN:38,(anonymous_3)
FN:47,(anonymous_4)
FN:65,(anonymous_5)
FN:66,(anonymous_6)
FN:78,(anonymous_7)
FN:124,(anonymous_8)
FN:142,(anonymous_9)
FN:151,(anonymous_10)
FN:169,(anonymous_11)
FN:170,(anonymous_12)
FNF:13
FNH:0
FNDA:0,(anonymous_0)
FNDA:0,(anonymous_1)
FNDA:0,(anonymous_2)
FNDA:0,(anonymous_3)
FNDA:0,(anonymous_4)
FNDA:0,(anonymous_5)
FNDA:0,(anonymous_6)
FNDA:0,(anonymous_7)
FNDA:0,(anonymous_8)
FNDA:0,(anonymous_9)
FNDA:0,(anonymous_10)
FNDA:0,(anonymous_11)
FNDA:0,(anonymous_12)
DA:1,1
DA:4,1
DA:6,0
DA:7,0
DA:8,0
DA:9,0
DA:11,0
DA:12,0
DA:13,0
DA:17,1
DA:19,0
DA:20,0
DA:21,0
DA:22,0
DA:23,0
DA:26,0
DA:27,0
DA:28,0
DA:29,0
DA:30,0
DA:33,0
DA:34,0
DA:38,1
DA:40,0
DA:41,0
DA:42,0
DA:43,0
DA:44,0
DA:47,0
DA:48,0
DA:49,0
DA:50,0
DA:51,0
DA:54,0
DA:55,0
DA:56,0
DA:57,0
DA:61,0
DA:65,1
DA:66,0
DA:67,0
DA:68,0
DA:69,0
DA:70,0
DA:73,0
DA:74,0
DA:78,1
DA:80,0
DA:81,0
DA:82,0
DA:83,0
DA:84,0
DA:87,0
DA:88,0
DA:89,0
DA:90,0
DA:91,0
DA:95,0
DA:96,0
DA:98,0
DA:99,0
DA:100,0
DA:103,0
DA:104,0
DA:105,0
DA:108,0
DA:109,0
DA:110,0
DA:113,0
DA:114,0
DA:115,0
DA:116,0
DA:117,0
DA:120,0
DA:122,0
DA:124,0
DA:125,0
DA:126,0
DA:127,0
DA:128,0
DA:131,0
DA:133,0
DA:134,0
DA:137,0
DA:138,0
DA:142,1
DA:144,0
DA:145,0
DA:146,0
DA:147,0
DA:148,0
DA:151,0
DA:152,0
DA:153,0
DA:154,0
DA:155,0
DA:158,0
DA:160,0
DA:161,0
DA:164,0
DA:165,0
DA:169,1
DA:170,0
DA:171,0
DA:172,0
DA:173,0
DA:174,0
DA:177,0
DA:178,0
DA:182,1
LF:110
LH:9
BRDA:6,0,0,0
BRDA:6,0,1,0
BRDA:7,1,0,0
BRDA:7,1,1,0
BRDA:8,2,0,0
BRDA:8,2,1,0
BRDA:9,3,0,0
BRDA:9,3,1,0
BRDA:19,4,0,0
BRDA:19,4,1,0
BRDA:19,5,0,0
BRDA:19,5,1,0
BRDA:19,5,2,0
BRDA:27,6,0,0
BRDA:27,6,1,0
BRDA:40,7,0,0
BRDA:40,7,1,0
BRDA:40,8,0,0
BRDA:40,8,1,0
BRDA:48,9,0,0
BRDA:48,9,1,0
BRDA:54,10,0,0
BRDA:54,10,1,0
BRDA:67,11,0,0
BRDA:67,11,1,0
BRDA:80,12,0,0
BRDA:80,12,1,0
BRDA:80,13,0,0
BRDA:80,13,1,0
BRDA:87,14,0,0
BRDA:87,14,1,0
BRDA:98,15,0,0
BRDA:98,15,1,0
BRDA:98,16,0,0
BRDA:98,16,1,0
BRDA:103,17,0,0
BRDA:103,17,1,0
BRDA:103,18,0,0
BRDA:103,18,1,0
BRDA:108,19,0,0
BRDA:108,19,1,0
BRDA:108,20,0,0
BRDA:108,20,1,0
BRDA:113,21,0,0
BRDA:113,21,1,0
BRDA:125,22,0,0
BRDA:125,22,1,0
BRDA:131,23,0,0
BRDA:131,23,1,0
BRDA:144,24,0,0
BRDA:144,24,1,0
BRDA:144,25,0,0
BRDA:144,25,1,0
BRDA:152,26,0,0
BRDA:152,26,1,0
BRDA:158,27,0,0
BRDA:158,27,1,0
BRDA:171,28,0,0
BRDA:171,28,1,0
BRF:59
BRH:0
end_of_record
TN:
SF:app/routes/customer.routes.js
FN:1,(anonymous_0)
FNF:1
FNH:0
FNDA:0,(anonymous_0)
DA:1,0
DA:2,0
DA:5,0
DA:8,0
DA:11,0
DA:14,0
DA:17,0
DA:20,0
LF:8
LH:0
BRF:0
BRH:0
end_of_record
TN:
SF:src/api/user.js
FN:9,validateInput
FN:21,(anonymous_1)
FN:51,validateUserId
FN:74,(anonymous_3)
FN:96,(anonymous_4)
FN:115,(anonymous_5)
FN:117,(anonymous_6)
FN:135,(anonymous_7)
FN:146,(anonymous_8)
FN:170,(anonymous_9)
FN:193,(anonymous_10)
FN:209,(anonymous_11)
FN:233,(anonymous_12)
FN:244,(anonymous_13)
FN:268,(anonymous_14)
FN:270,(anonymous_15)
FNF:16
FNH:16
FNDA:17,validateInput
FNDA:20,(anonymous_1)
FNDA:17,validateUserId
FNDA:5,(anonymous_3)
FNDA:3,(anonymous_4)
FNDA:3,(anonymous_5)
FNDA:3,(anonymous_6)
FNDA:4,(anonymous_7)
FNDA:2,(anonymous_8)
FNDA:4,(anonymous_9)
FNDA:4,(anonymous_10)
FNDA:1,(anonymous_11)
FNDA:3,(anonymous_12)
FNDA:2,(anonymous_13)
FNDA:2,(anonymous_14)
FNDA:2,(anonymous_15)
DA:1,1
DA:10,17
DA:13,17
DA:14,5
DA:21,12
DA:22,20
DA:23,4
DA:28,12
DA:29,7
DA:30,7
DA:31,1
DA:36,12
DA:37,1
DA:40,12
DA:52,17
DA:53,5
DA:59,12
DA:60,12
DA:61,4
DA:67,8
DA:74,1
DA:75,5
DA:77,5
DA:79,5
DA:80,2
DA:87,3
DA:93,3
DA:96,3
DA:97,3
DA:98,1
DA:99,1
DA:103,2
DA:107,0
DA:108,0
DA:115,1
DA:116,3
DA:117,3
DA:118,3
DA:119,1
DA:120,1
DA:124,2
DA:127,0
DA:128,0
DA:135,1
DA:136,4
DA:138,4
DA:140,4
DA:141,2
DA:146,2
DA:147,2
DA:148,1
DA:149,1
DA:153,0
DA:154,0
DA:158,1
DA:162,0
DA:163,0
DA:170,1
DA:171,4
DA:173,4
DA:175,4
DA:176,1
DA:182,3
DA:184,3
DA:185,1
DA:192,2
DA:193,2
DA:194,4
DA:197,2
DA:198,1
DA:204,1
DA:205,1
DA:206,1
DA:207,1
DA:209,1
DA:210,1
DA:211,0
DA:212,0
DA:216,0
DA:217,0
DA:221,1
DA:225,0
DA:226,0
DA:233,1
DA:234,3
DA:236,3
DA:238,3
DA:239,1
DA:244,2
DA:245,2
DA:246,1
DA:247,1
DA:251,0
DA:252,0
DA:256,1
DA:260,0
DA:261,0
DA:268,1
DA:269,2
DA:270,2
DA:271,2
DA:272,1
DA:273,1
DA:277,1
DA:280,0
DA:281,0
DA:288,1
DA:289,1
LF:108
LH:88
BRDA:9,0,0,3
BRDA:13,1,0,5
BRDA:13,1,1,12
BRDA:13,2,0,17
BRDA:13,2,1,13
BRDA:13,2,2,13
BRDA:22,3,0,4
BRDA:22,3,1,16
BRDA:22,4,0,20
BRDA:22,4,1,18
BRDA:22,4,2,17
BRDA:22,4,3,17
BRDA:28,5,0,7
BRDA:28,5,1,5
BRDA:28,6,0,12
BRDA:28,6,1,7
BRDA:30,7,0,1
BRDA:30,7,1,6
BRDA:36,8,0,1
BRDA:36,8,1,11
BRDA:36,9,0,12
BRDA:36,9,1,11
BRDA:52,10,0,5
BRDA:52,10,1,12
BRDA:52,11,0,17
BRDA:52,11,1,12
BRDA:52,11,2,12
BRDA:60,12,0,4
BRDA:60,12,1,8
BRDA:60,13,0,12
BRDA:60,13,1,10
BRDA:79,14,0,2
BRDA:79,14,1,3
BRDA:90,15,0,1
BRDA:90,15,1,2
BRDA:97,16,0,1
BRDA:97,16,1,2
BRDA:100,17,0,1
BRDA:100,17,1,0
BRDA:118,18,0,1
BRDA:118,18,1,2
BRDA:121,19,0,1
BRDA:121,19,1,0
BRDA:124,20,0,2
BRDA:124,20,1,1
BRDA:140,21,0,2
BRDA:140,21,1,2
BRDA:147,22,0,1
BRDA:147,22,1,1
BRDA:148,23,0,1
BRDA:148,23,1,0
BRDA:175,24,0,1
BRDA:175,24,1,3
BRDA:184,25,0,1
BRDA:184,25,1,2
BRDA:194,26,0,4
BRDA:194,26,1,1
BRDA:194,26,2,1
BRDA:197,27,0,1
BRDA:197,27,1,1
BRDA:205,28,0,1
BRDA:205,28,1,0
BRDA:205,29,0,1
BRDA:205,29,1,1
BRDA:206,30,0,1
BRDA:206,30,1,0
BRDA:206,31,0,1
BRDA:206,31,1,1
BRDA:207,32,0,0
BRDA:207,32,1,1
BRDA:207,33,0,1
BRDA:207,33,1,0
BRDA:210,34,0,0
BRDA:210,34,1,1
BRDA:211,35,0,0
BRDA:211,35,1,0
BRDA:238,36,0,1
BRDA:238,36,1,2
BRDA:245,37,0,1
BRDA:245,37,1,1
BRDA:246,38,0,1
BRDA:246,38,1,0
BRDA:271,39,0,1
BRDA:271,39,1,1
BRDA:274,40,0,1
BRDA:274,40,1,0
BRF:86
BRH:74
end_of_record
